[     456ms] [INFO] %cDownload the React DevTools for a better development experience: https://react.dev/link/react-devtools font-weight:bold @ webpack-internal:///(app-pages-browser)/./node_modules/next/dist/compiled/react-dom/cjs/react-dom-client.development.js:25630
[     499ms] [LOG] Firebase Config Status: {apiKey: ✓ Set, authDomain: ✓ Set, projectId: ✓ Set, storageBucket: ✓ Set, messagingSenderId: ✓ Set} @ webpack-internal:///(app-pages-browser)/./lib/firebase.ts:21
[     506ms] [LOG] Firebase app initialized successfully @ webpack-internal:///(app-pages-browser)/./lib/firebase.ts:59
[     508ms] [LOG] Firebase Auth initialized successfully @ webpack-internal:///(app-pages-browser)/./lib/firebase.ts:68
[     539ms] [WARNING] %c%s%c  ⚠ Unsupported metadata themeColor is configured in metadata export in /browse. Please move it to viewport export instead.
Read more: https://nextjs.org/docs/app/api-reference/functions/generate-viewport background: #e6e6e6;background: light-dark(rgba(0,0,0,0.1), rgba(255,255,255,0.25));color: #000000;color: light-dark(#000000, #ffffff);border-radius: 2px  Server   @ webpack-internal:///(app-pages-browser)/./node_modules/next/dist/compiled/react-server-dom-webpack/cjs/react-server-dom-webpack-client.browser.development.js:3484
[     726ms] [LOG] %c[Vercel Speed Insights]%c Debug mode is enabled by default in development. No requests will be sent to the server. color: rgb(120, 120, 120) color: inherit @ https://va.vercel-scripts.com/v1/speed-insights/script.debug.js:0
[     727ms] [LOG] %c[Vercel Web Analytics]%c Debug mode is enabled by default in development. No requests will be sent to the server. color: rgb(120, 120, 120) color: inherit @ https://va.vercel-scripts.com/v1/script.debug.js:0
[     727ms] [LOG] %c[Vercel Web Analytics]%c Running queued event color: rgb(120, 120, 120) color: inherit pageview {route: /browse, path: /browse} @ https://va.vercel-scripts.com/v1/script.debug.js:0
[     727ms] [LOG] %c[Vercel Web Analytics]%c [view] http://localhost:3000/browse color: rgb(120, 120, 120) color: inherit {o: http://localhost:3000/browse, sv: 0.1.3, sdkn: @vercel/analytics/next, sdkv: 1.5.0, ts: 1783119864615} /_vercel/insights/view @ https://va.vercel-scripts.com/v1/script.debug.js:0
[     810ms] [LOG] [Fast Refresh] rebuilding @ webpack-internal:///(app-pages-browser)/./node_modules/next/dist/client/dev/hot-reloader/app/hot-reloader-app.js:196
[    1122ms] [LOG] [Fast Refresh] done in 313ms @ webpack-internal:///(app-pages-browser)/./node_modules/next/dist/client/dev/report-hmr-latency.js:13
[   72007ms] [INFO] %cDownload the React DevTools for a better development experience: https://react.dev/link/react-devtools font-weight:bold @ webpack-internal:///(app-pages-browser)/./node_modules/next/dist/compiled/react-dom/cjs/react-dom-client.development.js:25630
[   72028ms] [LOG] Firebase Config Status: {apiKey: ✓ Set, authDomain: ✓ Set, projectId: ✓ Set, storageBucket: ✓ Set, messagingSenderId: ✓ Set} @ webpack-internal:///(app-pages-browser)/./lib/firebase.ts:21
[   72028ms] [LOG] Firebase app initialized successfully @ webpack-internal:///(app-pages-browser)/./lib/firebase.ts:59
[   72029ms] [LOG] Firebase Auth initialized successfully @ webpack-internal:///(app-pages-browser)/./lib/firebase.ts:68
[   72039ms] [WARNING] %c%s%c  ⚠ Unsupported metadata themeColor is configured in metadata export in /browse. Please move it to viewport export instead.
Read more: https://nextjs.org/docs/app/api-reference/functions/generate-viewport background: #e6e6e6;background: light-dark(rgba(0,0,0,0.1), rgba(255,255,255,0.25));color: #000000;color: light-dark(#000000, #ffffff);border-radius: 2px  Server   @ webpack-internal:///(app-pages-browser)/./node_modules/next/dist/compiled/react-server-dom-webpack/cjs/react-server-dom-webpack-client.browser.development.js:3484
[   72344ms] [LOG] %c[Vercel Speed Insights]%c Debug mode is enabled by default in development. No requests will be sent to the server. color: rgb(120, 120, 120) color: inherit @ https://va.vercel-scripts.com/v1/speed-insights/script.debug.js:0
[   72345ms] [LOG] %c[Vercel Web Analytics]%c Debug mode is enabled by default in development. No requests will be sent to the server. color: rgb(120, 120, 120) color: inherit @ https://va.vercel-scripts.com/v1/script.debug.js:0
[   72345ms] [LOG] %c[Vercel Web Analytics]%c Running queued event color: rgb(120, 120, 120) color: inherit pageview {route: /browse, path: /browse} @ https://va.vercel-scripts.com/v1/script.debug.js:0
[   72345ms] [LOG] %c[Vercel Web Analytics]%c [view] http://localhost:3000/browse color: rgb(120, 120, 120) color: inherit {o: http://localhost:3000/browse, sv: 0.1.3, sdkn: @vercel/analytics/next, sdkv: 1.5.0, ts: 1783119936232} /_vercel/insights/view @ https://va.vercel-scripts.com/v1/script.debug.js:0
